# JRE version: Java(TM) SE Runtime Environment (8.0_77-b03) (build 1.8.0_77-b03)
# Java VM: Java HotSpot(TM) 64-Bit Server VM (25.77-b03 mixed mode linux-amd64 compressed oops)
Heap:
 PSYoungGen      total 27648K, used 20012K [0x00000000e1800000, 0x00000000e3680000, 0x0000000100000000)
  eden space 24064K, 83% used [0x00000000e1800000,0x00000000e2b8b150,0x00000000e2f80000)
  from space 3584K, 0% used [0x00000000e3300000,0x00000000e3300000,0x00000000e3680000)
  to   space 3584K, 0% used [0x00000000e2f80000,0x00000000e2f80000,0x00000000e3300000)
 ParOldGen       total 32768K, used 5642K [0x00000000a4800000, 0x00000000a6800000, 0x00000000e1800000)
  object space 32768K, 17% used [0x00000000a4800000,0x00000000a4d82bc0,0x00000000a6800000)
 Metaspace       used 22884K, capacity 23090K, committed 23344K, reserved 1069056K
  class space    used 2795K, capacity 2873K, committed 2944K, reserved 1048576K
GC Heap History (6 events):
Event: 37.690 GC heap before
{Heap before GC invocations=1 (full 0):
 PSYoungGen      total 27648K, used 24064K [0x00000000e1800000, 0x00000000e3680000, 0x0000000100000000)
  eden space 24064K, 100% used [0x00000000e1800000,0x00000000e2f80000,0x00000000e2f80000)
  from space 3584K, 0% used [0x00000000e3300000,0x00000000e3300000,0x00000000e3680000)
  to   space 3584K, 0% used [0x00000000e2f80000,0x00000000e2f80000,0x00000000e3300000)
 ParOldGen       total 62976K, used 0K [0x00000000a4800000, 0x00000000a8580000, 0x00000000e1800000)
  object space 62976K, 0% used [0x00000000a4800000,0x00000000a4800000,0x00000000a8580000)
 Metaspace       used 19981K, capacity 20210K, committed 20480K, reserved 1067008K
  class space    used 2448K, capacity 2515K, committed 2560K, reserved 1048576K
Event: 37.699 GC heap after
Heap after GC invocations=1 (full 0):
 PSYoungGen      total 27648K, used 3583K [0x00000000e1800000, 0x00000000e3680000, 0x0000000100000000)
  eden space 24064K, 0% used [0x00000000e1800000,0x00000000e1800000,0x00000000e2f80000)
  from space 3584K, 99% used [0x00000000e2f80000,0x00000000e32ffc48,0x00000000e3300000)
  to   space 3584K, 0% used [0x00000000e3300000,0x00000000e3300000,0x00000000e3680000)
 ParOldGen       total 62976K, used 2336K [0x00000000a4800000, 0x00000000a8580000, 0x00000000e1800000)
  object space 62976K, 3% used [0x00000000a4800000,0x00000000a4a48200,0x00000000a8580000)
 Metaspace       used 19981K, capacity 20210K, committed 20480K, reserved 1067008K
  class space    used 2448K, capacity 2515K, committed 2560K, reserved 1048576K
}
Event: 43.105 GC heap before
{Heap before GC invocations=2 (full 0):
 PSYoungGen      total 27648K, used 10545K [0x00000000e1800000, 0x00000000e3680000, 0x0000000100000000)
  eden space 24064K, 28% used [0x00000000e1800000,0x00000000e1ecc860,0x00000000e2f80000)
  from space 3584K, 99% used [0x00000000e2f80000,0x00000000e32ffc48,0x00000000e3300000)
  to   space 3584K, 0% used [0x00000000e3300000,0x00000000e3300000,0x00000000e3680000)
 ParOldGen       total 62976K, used 2336K [0x00000000a4800000, 0x00000000a8580000, 0x00000000e1800000)
  object space 62976K, 3% used [0x00000000a4800000,0x00000000a4a48200,0x00000000a8580000)
 Metaspace       used 20888K, capacity 21036K, committed 21296K, reserved 1069056K
  class space    used 2550K, capacity 2616K, committed 2688K, reserved 1048576K
Event: 43.116 GC heap after
Heap after GC invocations=2 (full 0):
 PSYoungGen      total 27648K, used 3553K [0x00000000e1800000, 0x00000000e3680000, 0x0000000100000000)
  eden space 24064K, 0% used [0x00000000e1800000,0x00000000e1800000,0x00000000e2f80000)
  from space 3584K, 99% used [0x00000000e3300000,0x00000000e3678410,0x00000000e3680000)
  to   space 3584K, 0% used [0x00000000e2f80000,0x00000000e2f80000,0x00000000e3300000)
 ParOldGen       total 62976K, used 3046K [0x00000000a4800000, 0x00000000a8580000, 0x00000000e1800000)
  object space 62976K, 4% used [0x00000000a4800000,0x00000000a4af9898,0x00000000a8580000)
 Metaspace       used 20888K, capacity 21036K, committed 21296K, reserved 1069056K
  class space    used 2550K, capacity 2616K, committed 2688K, reserved 1048576K
}
Event: 43.116 GC heap before
{Heap before GC invocations=3 (full 1):
 PSYoungGen      total 27648K, used 3553K [0x00000000e1800000, 0x00000000e3680000, 0x0000000100000000)
  eden space 24064K, 0% used [0x00000000e1800000,0x00000000e1800000,0x00000000e2f80000)
  from space 3584K, 99% used [0x00000000e3300000,0x00000000e3678410,0x00000000e3680000)
  to   space 3584K, 0% used [0x00000000e2f80000,0x00000000e2f80000,0x00000000e3300000)
 ParOldGen       total 62976K, used 3046K [0x00000000a4800000, 0x00000000a8580000, 0x00000000e1800000)
  object space 62976K, 4% used [0x00000000a4800000,0x00000000a4af9898,0x00000000a8580000)
 Metaspace       used 20888K, capacity 21036K, committed 21296K, reserved 1069056K
  class space    used 2550K, capacity 2616K, committed 2688K, reserved 1048576K
Event: 43.151 GC heap after
Heap after GC invocations=3 (full 1):
 PSYoungGen      total 27648K, used 0K [0x00000000e1800000, 0x00000000e3680000, 0x0000000100000000)
  eden space 24064K, 0% used [0x00000000e1800000,0x00000000e1800000,0x00000000e2f80000)
  from space 3584K, 0% used [0x00000000e3300000,0x00000000e3300000,0x00000000e3680000)
  to   space 3584K, 0% used [0x00000000e2f80000,0x00000000e2f80000,0x00000000e3300000)
 ParOldGen       total 32768K, used 5642K [0x00000000a4800000, 0x00000000a6800000, 0x00000000e1800000)
  object space 32768K, 17% used [0x00000000a4800000,0x00000000a4d82bc0,0x00000000a6800000)
 Metaspace       used 20888K, capacity 21036K, committed 21296K, reserved 1069056K
  class space    used 2550K, capacity 2616K, committed 2688K, reserved 1048576K
}

